[0m[[0mdebug[0m] [0mRunning TaskDef(selenium.CreateCustomTest, org.scalatest.tools.Framework$$anon$1@a3a740b, false, [SuiteSelector])[0m
[0m[[0minfo[0m] [0m[36mRun completed in 1 minute.[0m[0m
[0m[[0minfo[0m] [0m[36mTotal number of tests run: 1[0m[0m
[0m[[0minfo[0m] [0m[36mSuites: completed 1, aborted 0[0m[0m
[0m[[0minfo[0m] [0m[36mTests: succeeded 0, failed 1, canceled 0, ignored 0, pending 0[0m[0m
[0m[[0minfo[0m] [0m[31m*** 1 TEST FAILED ***[0m[0m
[0m[[31merror[0m] [0mFailed tests:[0m
[0m[[31merror[0m] [0m	selenium.CreateCustomTest[0m
[0m[[31merror[0m] [0m(test:[31mtest[0m) sbt.TestsFailedException: Tests unsuccessful[0m
